  Sandbox.cpp
c:\program files (x86)\microsoft visual studio\2017\community\vc\tools\msvc\14.16.27023\include\vcruntime_new.h(66): error C2323: "OSE::operator new": новые или удаленные функции с оператором, не являющимся членом, невозможно объявить статическими или в пространстве имен, отличном от глобального пространства имен
c:\program files (x86)\microsoft visual studio\2017\community\vc\tools\msvc\14.16.27023\include\vcruntime_new.h(71): error C2323: "OSE::operator new": новые или удаленные функции с оператором, не являющимся членом, невозможно объявить статическими или в пространстве имен, отличном от глобального пространства имен
c:\program files (x86)\microsoft visual studio\2017\community\vc\tools\msvc\14.16.27023\include\vcruntime_new.h(77): error C2323: "OSE::operator new[]": новые или удаленные функции с оператором, не являющимся членом, невозможно объявить статическими или в пространстве имен, отличном от глобального пространства имен
c:\program files (x86)\microsoft visual studio\2017\community\vc\tools\msvc\14.16.27023\include\vcruntime_new.h(82): error C2323: "OSE::operator new[]": новые или удаленные функции с оператором, не являющимся членом, невозможно объявить статическими или в пространстве имен, отличном от глобального пространства имен
c:\program files (x86)\microsoft visual studio\2017\community\vc\tools\msvc\14.16.27023\include\vcruntime_new.h(87): error C2323: "OSE::operator delete": новые или удаленные функции с оператором, не являющимся членом, невозможно объявить статическими или в пространстве имен, отличном от глобального пространства имен
c:\program files (x86)\microsoft visual studio\2017\community\vc\tools\msvc\14.16.27023\include\vcruntime_new.h(91): error C2323: "OSE::operator delete": новые или удаленные функции с оператором, не являющимся членом, невозможно объявить статическими или в пространстве имен, отличном от глобального пространства имен
c:\program files (x86)\microsoft visual studio\2017\community\vc\tools\msvc\14.16.27023\include\vcruntime_new.h(96): error C2323: "OSE::operator delete[]": новые или удаленные функции с оператором, не являющимся членом, невозможно объявить статическими или в пространстве имен, отличном от глобального пространства имен
c:\program files (x86)\microsoft visual studio\2017\community\vc\tools\msvc\14.16.27023\include\vcruntime_new.h(100): error C2323: "OSE::operator delete[]": новые или удаленные функции с оператором, не являющимся членом, невозможно объявить статическими или в пространстве имен, отличном от глобального пространства имен
c:\program files (x86)\microsoft visual studio\2017\community\vc\tools\msvc\14.16.27023\include\vcruntime_new.h(105): error C2323: "OSE::operator delete": новые или удаленные функции с оператором, не являющимся членом, невозможно объявить статическими или в пространстве имен, отличном от глобального пространства имен
c:\program files (x86)\microsoft visual studio\2017\community\vc\tools\msvc\14.16.27023\include\vcruntime_new.h(110): error C2323: "OSE::operator delete[]": новые или удаленные функции с оператором, не являющимся членом, невозможно объявить статическими или в пространстве имен, отличном от глобального пространства имен
c:\program files (x86)\microsoft visual studio\2017\community\vc\tools\msvc\14.16.27023\include\vcruntime_new.h(184): error C2323: "OSE::operator new": новые или удаленные функции с оператором, не являющимся членом, невозможно объявить статическими или в пространстве имен, отличном от глобального пространства имен
c:\program files (x86)\microsoft visual studio\2017\community\vc\tools\msvc\14.16.27023\include\vcruntime_new.h(190): error C2323: "OSE::operator delete": новые или удаленные функции с оператором, не являющимся членом, невозможно объявить статическими или в пространстве имен, отличном от глобального пространства имен
c:\program files (x86)\microsoft visual studio\2017\community\vc\tools\msvc\14.16.27023\include\vcruntime_new.h(199): error C2323: "OSE::operator new[]": новые или удаленные функции с оператором, не являющимся членом, невозможно объявить статическими или в пространстве имен, отличном от глобального пространства имен
c:\program files (x86)\microsoft visual studio\2017\community\vc\tools\msvc\14.16.27023\include\vcruntime_new.h(206): error C2323: "OSE::operator delete[]": новые или удаленные функции с оператором, не являющимся членом, невозможно объявить статическими или в пространстве имен, отличном от глобального пространства имен
c:\program files (x86)\microsoft visual studio\2017\community\vc\tools\msvc\14.16.27023\include\vcruntime_new_debug.h(23): error C2323: "OSE::operator new": новые или удаленные функции с оператором, не являющимся членом, невозможно объявить статическими или в пространстве имен, отличном от глобального пространства имен
c:\program files (x86)\microsoft visual studio\2017\community\vc\tools\msvc\14.16.27023\include\vcruntime_new_debug.h(31): error C2323: "OSE::operator new[]": новые или удаленные функции с оператором, не являющимся членом, невозможно объявить статическими или в пространстве имен, отличном от глобального пространства имен
c:\program files (x86)\microsoft visual studio\2017\community\vc\tools\msvc\14.16.27023\include\vcruntime_new_debug.h(38): error C2323: "OSE::operator delete": новые или удаленные функции с оператором, не являющимся членом, невозможно объявить статическими или в пространстве имен, отличном от глобального пространства имен
c:\program files (x86)\microsoft visual studio\2017\community\vc\tools\msvc\14.16.27023\include\vcruntime_new_debug.h(45): error C2323: "OSE::operator delete[]": новые или удаленные функции с оператором, не являющимся членом, невозможно объявить статическими или в пространстве имен, отличном от глобального пространства имен
c:\program files (x86)\microsoft visual studio\2017\community\vc\tools\msvc\14.16.27023\include\cstdlib(21): error C2039: fabs: не является членом "`global namespace'"
c:\program files (x86)\microsoft visual studio\2017\community\vc\tools\msvc\14.16.27023\include\cstdlib(26): error C2039: fabsf: не является членом "`global namespace'"
c:\program files (x86)\microsoft visual studio\2017\community\vc\tools\msvc\14.16.27023\include\cstdlib(31): error C2039: fabsl: не является членом "`global namespace'"
c:\program files (x86)\microsoft visual studio\2017\community\vc\tools\msvc\14.16.27023\include\cstdlib(35): error C2039: div_t: не является членом "`global namespace'"
c:\program files (x86)\microsoft visual studio\2017\community\vc\tools\msvc\14.16.27023\include\cstdlib(35): error C2873: div_t: использование символа в "using"-объявлении не допускается
c:\program files (x86)\microsoft visual studio\2017\community\vc\tools\msvc\14.16.27023\include\cstdlib(35): error C2039: ldiv_t: не является членом "`global namespace'"
c:\program files (x86)\microsoft visual studio\2017\community\vc\tools\msvc\14.16.27023\include\cstdlib(35): error C2873: ldiv_t: использование символа в "using"-объявлении не допускается
c:\program files (x86)\microsoft visual studio\2017\community\vc\tools\msvc\14.16.27023\include\cstdlib(36): error C2039: abort: не является членом "`global namespace'"
c:\program files (x86)\microsoft visual studio\2017\community\vc\tools\msvc\14.16.27023\include\cstdlib(36): error C2873: abort: использование символа в "using"-объявлении не допускается
c:\program files (x86)\microsoft visual studio\2017\community\vc\tools\msvc\14.16.27023\include\cstdlib(36): error C2039: abs: не является членом "`global namespace'"
c:\program files (x86)\microsoft visual studio\2017\community\vc\tools\msvc\14.16.27023\include\cstdlib(36): error C2873: abs: использование символа в "using"-объявлении не допускается
c:\program files (x86)\microsoft visual studio\2017\community\vc\tools\msvc\14.16.27023\include\cstdlib(37): error C2039: atof: не является членом "`global namespace'"
c:\program files (x86)\microsoft visual studio\2017\community\vc\tools\msvc\14.16.27023\include\cstdlib(37): error C2873: atof: использование символа в "using"-объявлении не допускается
c:\program files (x86)\microsoft visual studio\2017\community\vc\tools\msvc\14.16.27023\include\cstdlib(37): error C2039: atoi: не является членом "`global namespace'"
c:\program files (x86)\microsoft visual studio\2017\community\vc\tools\msvc\14.16.27023\include\cstdlib(37): error C2873: atoi: использование символа в "using"-объявлении не допускается
c:\program files (x86)\microsoft visual studio\2017\community\vc\tools\msvc\14.16.27023\include\cstdlib(37): error C2039: atol: не является членом "`global namespace'"
c:\program files (x86)\microsoft visual studio\2017\community\vc\tools\msvc\14.16.27023\include\cstdlib(37): error C2873: atol: использование символа в "using"-объявлении не допускается
c:\program files (x86)\microsoft visual studio\2017\community\vc\tools\msvc\14.16.27023\include\cstdlib(38): error C2039: bsearch: не является членом "`global namespace'"
c:\program files (x86)\microsoft visual studio\2017\community\vc\tools\msvc\14.16.27023\include\cstdlib(38): error C2873: bsearch: использование символа в "using"-объявлении не допускается
c:\program files (x86)\microsoft visual studio\2017\community\vc\tools\msvc\14.16.27023\include\cstdlib(38): error C2039: calloc: не является членом "`global namespace'"
c:\program files (x86)\microsoft visual studio\2017\community\vc\tools\msvc\14.16.27023\include\cstdlib(38): error C2873: calloc: использование символа в "using"-объявлении не допускается
c:\program files (x86)\microsoft visual studio\2017\community\vc\tools\msvc\14.16.27023\include\cstdlib(38): error C2039: div: не является членом "`global namespace'"
c:\program files (x86)\microsoft visual studio\2017\community\vc\tools\msvc\14.16.27023\include\cstdlib(38): error C2873: div: использование символа в "using"-объявлении не допускается
c:\program files (x86)\microsoft visual studio\2017\community\vc\tools\msvc\14.16.27023\include\cstdlib(39): error C2039: exit: не является членом "`global namespace'"
c:\program files (x86)\microsoft visual studio\2017\community\vc\tools\msvc\14.16.27023\include\cstdlib(39): error C2873: exit: использование символа в "using"-объявлении не допускается
c:\program files (x86)\microsoft visual studio\2017\community\vc\tools\msvc\14.16.27023\include\cstdlib(39): error C2039: free: не является членом "`global namespace'"
c:\program files (x86)\microsoft visual studio\2017\community\vc\tools\msvc\14.16.27023\include\cstdlib(39): error C2873: free: использование символа в "using"-объявлении не допускается
c:\program files (x86)\microsoft visual studio\2017\community\vc\tools\msvc\14.16.27023\include\cstdlib(40): error C2039: labs: не является членом "`global namespace'"
c:\program files (x86)\microsoft visual studio\2017\community\vc\tools\msvc\14.16.27023\include\cstdlib(40): error C2873: labs: использование символа в "using"-объявлении не допускается
c:\program files (x86)\microsoft visual studio\2017\community\vc\tools\msvc\14.16.27023\include\cstdlib(40): error C2039: ldiv: не является членом "`global namespace'"
c:\program files (x86)\microsoft visual studio\2017\community\vc\tools\msvc\14.16.27023\include\cstdlib(40): error C2873: ldiv: использование символа в "using"-объявлении не допускается
c:\program files (x86)\microsoft visual studio\2017\community\vc\tools\msvc\14.16.27023\include\cstdlib(40): error C2039: malloc: не является членом "`global namespace'"
c:\program files (x86)\microsoft visual studio\2017\community\vc\tools\msvc\14.16.27023\include\cstdlib(40): error C2873: malloc: использование символа в "using"-объявлении не допускается
c:\program files (x86)\microsoft visual studio\2017\community\vc\tools\msvc\14.16.27023\include\cstdlib(41): error C2039: mblen: не является членом "`global namespace'"
c:\program files (x86)\microsoft visual studio\2017\community\vc\tools\msvc\14.16.27023\include\cstdlib(41): error C2873: mblen: использование символа в "using"-объявлении не допускается
c:\program files (x86)\microsoft visual studio\2017\community\vc\tools\msvc\14.16.27023\include\cstdlib(41): error C2039: mbstowcs: не является членом "`global namespace'"
c:\program files (x86)\microsoft visual studio\2017\community\vc\tools\msvc\14.16.27023\include\cstdlib(41): error C2873: mbstowcs: использование символа в "using"-объявлении не допускается
c:\program files (x86)\microsoft visual studio\2017\community\vc\tools\msvc\14.16.27023\include\cstdlib(41): error C2039: mbtowc: не является членом "`global namespace'"
c:\program files (x86)\microsoft visual studio\2017\community\vc\tools\msvc\14.16.27023\include\cstdlib(41): error C2873: mbtowc: использование символа в "using"-объявлении не допускается
c:\program files (x86)\microsoft visual studio\2017\community\vc\tools\msvc\14.16.27023\include\cstdlib(42): error C2039: qsort: не является членом "`global namespace'"
c:\program files (x86)\microsoft visual studio\2017\community\vc\tools\msvc\14.16.27023\include\cstdlib(42): error C2873: qsort: использование символа в "using"-объявлении не допускается
c:\program files (x86)\microsoft visual studio\2017\community\vc\tools\msvc\14.16.27023\include\cstdlib(42): error C2039: rand: не является членом "`global namespace'"
c:\program files (x86)\microsoft visual studio\2017\community\vc\tools\msvc\14.16.27023\include\cstdlib(42): error C2873: rand: использование символа в "using"-объявлении не допускается
c:\program files (x86)\microsoft visual studio\2017\community\vc\tools\msvc\14.16.27023\include\cstdlib(42): error C2039: realloc: не является членом "`global namespace'"
c:\program files (x86)\microsoft visual studio\2017\community\vc\tools\msvc\14.16.27023\include\cstdlib(42): error C2873: realloc: использование символа в "using"-объявлении не допускается
c:\program files (x86)\microsoft visual studio\2017\community\vc\tools\msvc\14.16.27023\include\cstdlib(43): error C2039: srand: не является членом "`global namespace'"
c:\program files (x86)\microsoft visual studio\2017\community\vc\tools\msvc\14.16.27023\include\cstdlib(43): error C2873: srand: использование символа в "using"-объявлении не допускается
c:\program files (x86)\microsoft visual studio\2017\community\vc\tools\msvc\14.16.27023\include\cstdlib(43): error C2039: strtod: не является членом "`global namespace'"
c:\program files (x86)\microsoft visual studio\2017\community\vc\tools\msvc\14.16.27023\include\cstdlib(43): error C2873: strtod: использование символа в "using"-объявлении не допускается
c:\program files (x86)\microsoft visual studio\2017\community\vc\tools\msvc\14.16.27023\include\cstdlib(43): error C2039: strtol: не является членом "`global namespace'"
c:\program files (x86)\microsoft visual studio\2017\community\vc\tools\msvc\14.16.27023\include\cstdlib(43): error C2873: strtol: использование символа в "using"-объявлении не допускается
c:\program files (x86)\microsoft visual studio\2017\community\vc\tools\msvc\14.16.27023\include\cstdlib(44): error C2039: strtoul: не является членом "`global namespace'"
c:\program files (x86)\microsoft visual studio\2017\community\vc\tools\msvc\14.16.27023\include\cstdlib(44): error C2873: strtoul: использование символа в "using"-объявлении не допускается
c:\program files (x86)\microsoft visual studio\2017\community\vc\tools\msvc\14.16.27023\include\cstdlib(45): error C2039: wcstombs: не является членом "`global namespace'"
c:\program files (x86)\microsoft visual studio\2017\community\vc\tools\msvc\14.16.27023\include\cstdlib(45): error C2873: wcstombs: использование символа в "using"-объявлении не допускается
c:\program files (x86)\microsoft visual studio\2017\community\vc\tools\msvc\14.16.27023\include\cstdlib(45): error C2039: wctomb: не является членом "`global namespace'"
c:\program files (x86)\microsoft visual studio\2017\community\vc\tools\msvc\14.16.27023\include\cstdlib(45): error C2873: wctomb: использование символа в "using"-объявлении не допускается
c:\program files (x86)\microsoft visual studio\2017\community\vc\tools\msvc\14.16.27023\include\cstdlib(47): error C2039: lldiv_t: не является членом "`global namespace'"
c:\program files (x86)\microsoft visual studio\2017\community\vc\tools\msvc\14.16.27023\include\cstdlib(47): error C2873: lldiv_t: использование символа в "using"-объявлении не допускается
c:\program files (x86)\microsoft visual studio\2017\community\vc\tools\msvc\14.16.27023\include\cstdlib(50): error C2039: getenv: не является членом "`global namespace'"
c:\program files (x86)\microsoft visual studio\2017\community\vc\tools\msvc\14.16.27023\include\cstdlib(50): error C2873: getenv: использование символа в "using"-объявлении не допускается
c:\program files (x86)\microsoft visual studio\2017\community\vc\tools\msvc\14.16.27023\include\cstdlib(51): error C2039: system: не является членом "`global namespace'"
c:\program files (x86)\microsoft visual studio\2017\community\vc\tools\msvc\14.16.27023\include\cstdlib(51): error C2873: system: использование символа в "using"-объявлении не допускается
c:\program files (x86)\microsoft visual studio\2017\community\vc\tools\msvc\14.16.27023\include\cstdlib(54): error C2039: atoll: не является членом "`global namespace'"
c:\program files (x86)\microsoft visual studio\2017\community\vc\tools\msvc\14.16.27023\include\cstdlib(54): error C2873: atoll: использование символа в "using"-объявлении не допускается
c:\program files (x86)\microsoft visual studio\2017\community\vc\tools\msvc\14.16.27023\include\cstdlib(54): error C2039: llabs: не является членом "`global namespace'"
c:\program files (x86)\microsoft visual studio\2017\community\vc\tools\msvc\14.16.27023\include\cstdlib(54): error C2873: llabs: использование символа в "using"-объявлении не допускается
c:\program files (x86)\microsoft visual studio\2017\community\vc\tools\msvc\14.16.27023\include\cstdlib(54): error C2039: lldiv: не является членом "`global namespace'"
c:\program files (x86)\microsoft visual studio\2017\community\vc\tools\msvc\14.16.27023\include\cstdlib(54): error C2873: lldiv: использование символа в "using"-объявлении не допускается
c:\program files (x86)\microsoft visual studio\2017\community\vc\tools\msvc\14.16.27023\include\cstdlib(55): error C2039: strtof: не является членом "`global namespace'"
c:\program files (x86)\microsoft visual studio\2017\community\vc\tools\msvc\14.16.27023\include\cstdlib(55): error C2873: strtof: использование символа в "using"-объявлении не допускается
c:\program files (x86)\microsoft visual studio\2017\community\vc\tools\msvc\14.16.27023\include\cstdlib(55): error C2039: strtold: не является членом "`global namespace'"
c:\program files (x86)\microsoft visual studio\2017\community\vc\tools\msvc\14.16.27023\include\cstdlib(55): error C2873: strtold: использование символа в "using"-объявлении не допускается
c:\program files (x86)\microsoft visual studio\2017\community\vc\tools\msvc\14.16.27023\include\cstdlib(56): error C2039: strtoll: не является членом "`global namespace'"
c:\program files (x86)\microsoft visual studio\2017\community\vc\tools\msvc\14.16.27023\include\cstdlib(56): error C2873: strtoll: использование символа в "using"-объявлении не допускается
c:\program files (x86)\microsoft visual studio\2017\community\vc\tools\msvc\14.16.27023\include\cstdlib(56): error C2039: strtoull: не является членом "`global namespace'"
c:\program files (x86)\microsoft visual studio\2017\community\vc\tools\msvc\14.16.27023\include\cstdlib(56): error C2873: strtoull: использование символа в "using"-объявлении не допускается
c:\program files (x86)\microsoft visual studio\2017\community\vc\tools\msvc\14.16.27023\include\cstdlib(58): error C2039: _Exit: не является членом "`global namespace'"
c:\program files (x86)\microsoft visual studio\2017\community\vc\tools\msvc\14.16.27023\include\cstdlib(58): error C2873: _Exit: использование символа в "using"-объявлении не допускается
c:\program files (x86)\microsoft visual studio\2017\community\vc\tools\msvc\14.16.27023\include\cstdlib(58): error C2039: at_quick_exit: не является членом "`global namespace'"
c:\program files (x86)\microsoft visual studio\2017\community\vc\tools\msvc\14.16.27023\include\cstdlib(58): error C2873: at_quick_exit: использование символа в "using"-объявлении не допускается
c:\program files (x86)\microsoft visual studio\2017\community\vc\tools\msvc\14.16.27023\include\cstdlib(58): error C2039: quick_exit: не является членом "`global namespace'"
c:\program files (x86)\microsoft visual studio\2017\community\vc\tools\msvc\14.16.27023\include\cstdlib(58): error C2873: quick_exit: использование символа в "using"-объявлении не допускается
c:\program files (x86)\microsoft visual studio\2017\community\vc\tools\msvc\14.16.27023\include\cstdlib(58): fatal error C1003: число ошибок превышает 100; остановка компиляции
