  Sandbox.cpp
c:\users\ruslan\source\repos\ose\ose\src\ose\events\event.h(70): warning C4251: OSE::EventListenerBase::m_eventTypes: class "std::map<OSE::EventType,void *,std::less<_Kty>,std::allocator<std::pair<const _Kty,_Ty>>>" должен иметь dll-интерфейс для использования клиентами class "OSE::EventListenerBase"
          with
          [
              _Kty=OSE::EventType,
              _Ty=void *
          ]
  c:\users\ruslan\source\repos\ose\ose\src\ose\events\event.h(65): note:  см. объявление "std::map<OSE::EventType,void *,std::less<_Kty>,std::allocator<std::pair<const _Kty,_Ty>>>"
          with
          [
              _Kty=OSE::EventType,
              _Ty=void *
          ]
c:\users\ruslan\source\repos\ose\ose\src\ose\systems\eventsystem.h(51): warning C4251: OSE::EventSystem::m_subscribedEventListeners: class "std::map<OSE::EventType,std::set<void *,std::less<_Kty>,std::allocator<_Kty>>,std::less<OSE::EventType>,std::allocator<std::pair<const OSE::EventType,_Ty>>>" должен иметь dll-интерфейс для использования клиентами class "OSE::EventSystem"
          with
          [
              _Kty=void *,
              _Ty=std::set<void *,std::less<void *>,std::allocator<void *>>
          ]
  c:\users\ruslan\source\repos\ose\ose\src\ose\systems\eventsystem.h(51): note:  см. объявление "std::map<OSE::EventType,std::set<void *,std::less<_Kty>,std::allocator<_Kty>>,std::less<OSE::EventType>,std::allocator<std::pair<const OSE::EventType,_Ty>>>"
          with
          [
              _Kty=void *,
              _Ty=std::set<void *,std::less<void *>,std::allocator<void *>>
          ]
c:\users\ruslan\source\repos\ose\ose\src\ose\systems\eventsystem.h(52): warning C4251: OSE::EventSystem::m_sceneLayerCallback: class "std::function<OSE::EventSystem *(int)>" должен иметь dll-интерфейс для использования клиентами class "OSE::EventSystem"
  c:\users\ruslan\source\repos\ose\ose\src\ose\systems\eventsystem.h(19): note:  см. объявление "std::function<OSE::EventSystem *(int)>"
c:\users\ruslan\source\repos\ose\ose\src\ose\platforms\assetsystem.h(21): warning C4251: OSE::AssetSystem::m_assetDir: class "std::basic_string<char,std::char_traits<char>,std::allocator<char>>" должен иметь dll-интерфейс для использования клиентами class "OSE::AssetSystem"
  c:\program files (x86)\microsoft visual studio\2017\community\vc\tools\msvc\14.16.27023\include\xstring(4373): note:  см. объявление "std::basic_string<char,std::char_traits<char>,std::allocator<char>>"
c:\users\ruslan\source\repos\ose\ose\src\ose\platforms\windowswindow.h(4): fatal error C1083: Не удается открыть файл включение: GLFW/glew.h: No such file or directory,
