  GlRenderer.cpp
c:\users\n ashabokov\desktop\ose\ose\src\ose\blueprints\transform.h(10): warning C4251: OSE::Transform::rotation: class "OSE::mat<4,4>" должен иметь dll-интерфейс для использования клиентами class "OSE::Transform"
  c:\users\n ashabokov\desktop\ose\ose\src\ose\math\vecmath.h(15): note:  см. объявление "OSE::mat<4,4>"
c:\users\n ashabokov\desktop\ose\ose\src\ose\blueprints\camera.h(23): warning C4251: OSE::Camera::m_projection: class "OSE::mat<4,4>" должен иметь dll-интерфейс для использования клиентами class "OSE::Camera"
  c:\users\n ashabokov\desktop\ose\ose\src\ose\math\vecmath.h(15): note:  см. объявление "OSE::mat<4,4>"
c:\users\n ashabokov\desktop\ose\ose\src\ose\blueprints\lightsource.h(15): warning C4091: static : пропускается слева от "OSE::LightSource::Type", когда ни одна переменная не объявлена
c:\users\n ashabokov\desktop\ose\ose\src\ose\platforms\assetsystem.h(32): warning C4251: OSE::AssetSystem::m_assetDir: class "std::basic_string<char,std::char_traits<char>,std::allocator<char>>" должен иметь dll-интерфейс для использования клиентами class "OSE::AssetSystem"
  c:\program files (x86)\microsoft visual studio\2017\community\vc\tools\msvc\14.16.27023\include\xstring(4373): note:  см. объявление "std::basic_string<char,std::char_traits<char>,std::allocator<char>>"
c:\users\n ashabokov\desktop\ose\ose\src\ose\platforms\assetsystem.h(33): warning C4251: OSE::AssetSystem::m_staticMeshes: class "std::map<std::string,OSE::StaticMesh *,std::less<_Kty>,std::allocator<std::pair<const _Kty,_Ty>>>" должен иметь dll-интерфейс для использования клиентами class "OSE::AssetSystem"
          with
          [
              _Kty=std::string,
              _Ty=OSE::StaticMesh *
          ]
  c:\users\n ashabokov\desktop\ose\ose\src\ose\platforms\assetsystem.h(28): note:  см. объявление "std::map<std::string,OSE::StaticMesh *,std::less<_Kty>,std::allocator<std::pair<const _Kty,_Ty>>>"
          with
          [
              _Kty=std::string,
              _Ty=OSE::StaticMesh *
          ]
c:\users\n ashabokov\desktop\ose\ose\src\ose\platforms\glrenderer.h(30): warning C4251: OSE::GlRenderer::m_drawQuery: class "std::set<OSE::StaticMesh *,std::less<_Kty>,std::allocator<_Kty>>" должен иметь dll-интерфейс для использования клиентами class "OSE::GlRenderer"
          with
          [
              _Kty=OSE::StaticMesh *
          ]
  c:\users\n ashabokov\desktop\ose\ose\src\ose\platforms\glrenderer.h(30): note:  см. объявление "std::set<OSE::StaticMesh *,std::less<_Kty>,std::allocator<_Kty>>"
          with
          [
              _Kty=OSE::StaticMesh *
          ]
c:\users\n ashabokov\desktop\ose\ose\src\ose\platforms\glrenderer.h(31): warning C4251: OSE::GlRenderer::m_instanceBuffers: class "std::map<OSE::StaticMesh *,unsigned int,std::less<_Kty>,std::allocator<std::pair<const _Kty,_Ty>>>" должен иметь dll-интерфейс для использования клиентами class "OSE::GlRenderer"
          with
          [
              _Kty=OSE::StaticMesh *,
              _Ty=unsigned int
          ]
  c:\users\n ashabokov\desktop\ose\ose\src\ose\platforms\glrenderer.h(31): note:  см. объявление "std::map<OSE::StaticMesh *,unsigned int,std::less<_Kty>,std::allocator<std::pair<const _Kty,_Ty>>>"
          with
          [
              _Kty=OSE::StaticMesh *,
              _Ty=unsigned int
          ]
c:\users\n ashabokov\desktop\ose\ose\src\ose\platforms\glrenderer.h(32): warning C4251: OSE::GlRenderer::m_batch: class "std::map<OSE::StaticMesh *,std::vector<OSE::mat4,std::allocator<_Ty>>,std::less<_Kty>,std::allocator<std::pair<const _Kty,std::vector<_Ty,std::allocator<_Ty>>>>>" должен иметь dll-интерфейс для использования клиентами class "OSE::GlRenderer"
          with
          [
              _Ty=OSE::mat4,
              _Kty=OSE::StaticMesh *
          ]
  c:\users\n ashabokov\desktop\ose\ose\src\ose\platforms\glrenderer.h(32): note:  см. объявление "std::map<OSE::StaticMesh *,std::vector<OSE::mat4,std::allocator<_Ty>>,std::less<_Kty>,std::allocator<std::pair<const _Kty,std::vector<_Ty,std::allocator<_Ty>>>>>"
          with
          [
              _Ty=OSE::mat4,
              _Kty=OSE::StaticMesh *
          ]
c:\users\n ashabokov\desktop\ose\ose\src\ose\platforms\glrenderer.cpp(62): warning C4267: аргумент: преобразование из "size_t" в "GLsizei"; возможна потеря данных
c:\users\n ashabokov\desktop\ose\ose\src\ose\platforms\glrenderer.cpp(162): warning C4244: =: преобразование "const OSE::LightSource::Type" в "t_float", возможна потеря данных
  OSE.vcxproj -> C:\Users\N Ashabokov\Desktop\OSE\bin\Debug-x64\OSE\OSE.dll
  Copy output dll to sanbox directory
  Скопировано файлов:         1.
