c:\users\ruslan\source\repos\ose\bin-int\debug-x64\ose\vc141.pdb
c:\users\ruslan\source\repos\ose\bin-int\debug-x64\ose\vc141.idb
c:\users\ruslan\source\repos\ose\bin-int\debug-x64\ose\windowswindow.obj
c:\users\ruslan\source\repos\ose\bin-int\debug-x64\ose\engine.obj
c:\users\ruslan\source\repos\ose\bin-int\debug-x64\ose\eventsystem.obj
c:\users\ruslan\source\repos\ose\bin-int\debug-x64\ose\logger.obj
c:\users\ruslan\source\repos\ose\bin-int\debug-x64\ose\windowevent.obj
c:\users\ruslan\source\repos\ose\bin-int\debug-x64\ose\mouseevent.obj
c:\users\ruslan\source\repos\ose\bin-int\debug-x64\ose\keyevent.obj
c:\users\ruslan\source\repos\ose\bin-int\debug-x64\ose\event.obj
c:\users\ruslan\source\repos\ose\bin-int\debug-x64\ose\engineevent.obj
c:\users\ruslan\source\repos\ose\bin-int\debug-x64\ose\entity.obj
c:\users\ruslan\source\repos\ose\bin-int\debug-x64\ose\layer.obj
c:\users\ruslan\source\repos\ose\bin-int\debug-x64\ose\scene.obj
c:\users\ruslan\source\repos\ose\bin-int\debug-x64\ose\actor.obj
c:\users\ruslan\source\repos\ose\bin\debug-x64\ose\ose.lib
c:\users\ruslan\source\repos\ose\bin\debug-x64\ose\ose.exp
c:\users\ruslan\source\repos\ose\bin\debug-x64\ose\ose.pdb
c:\users\ruslan\source\repos\ose\bin-int\debug-x64\ose\ose.tlog\cl.command.1.tlog
c:\users\ruslan\source\repos\ose\bin-int\debug-x64\ose\ose.tlog\cl.read.1.tlog
c:\users\ruslan\source\repos\ose\bin-int\debug-x64\ose\ose.tlog\cl.write.1.tlog
c:\users\ruslan\source\repos\ose\bin-int\debug-x64\ose\ose.tlog\link-cvtres.read.1.tlog
c:\users\ruslan\source\repos\ose\bin-int\debug-x64\ose\ose.tlog\link-cvtres.write.1.tlog
c:\users\ruslan\source\repos\ose\bin-int\debug-x64\ose\ose.tlog\link-rc.read.1.tlog
c:\users\ruslan\source\repos\ose\bin-int\debug-x64\ose\ose.tlog\link-rc.write.1.tlog
c:\users\ruslan\source\repos\ose\bin-int\debug-x64\ose\ose.tlog\link.11184.delete.1.tlog
c:\users\ruslan\source\repos\ose\bin-int\debug-x64\ose\ose.tlog\link.11356.delete.1.tlog
c:\users\ruslan\source\repos\ose\bin-int\debug-x64\ose\ose.tlog\link.12664.delete.1.tlog
c:\users\ruslan\source\repos\ose\bin-int\debug-x64\ose\ose.tlog\link.12840.delete.1.tlog
c:\users\ruslan\source\repos\ose\bin-int\debug-x64\ose\ose.tlog\link.13632.delete.1.tlog
c:\users\ruslan\source\repos\ose\bin-int\debug-x64\ose\ose.tlog\link.13648.delete.1.tlog
c:\users\ruslan\source\repos\ose\bin-int\debug-x64\ose\ose.tlog\link.13704.delete.1.tlog
c:\users\ruslan\source\repos\ose\bin-int\debug-x64\ose\ose.tlog\link.13932.delete.1.tlog
c:\users\ruslan\source\repos\ose\bin-int\debug-x64\ose\ose.tlog\link.14520.delete.1.tlog
c:\users\ruslan\source\repos\ose\bin-int\debug-x64\ose\ose.tlog\link.15472.delete.1.tlog
c:\users\ruslan\source\repos\ose\bin-int\debug-x64\ose\ose.tlog\link.16092.delete.1.tlog
c:\users\ruslan\source\repos\ose\bin-int\debug-x64\ose\ose.tlog\link.17364.delete.1.tlog
c:\users\ruslan\source\repos\ose\bin-int\debug-x64\ose\ose.tlog\link.18412.delete.1.tlog
c:\users\ruslan\source\repos\ose\bin-int\debug-x64\ose\ose.tlog\link.5272.delete.1.tlog
c:\users\ruslan\source\repos\ose\bin-int\debug-x64\ose\ose.tlog\link.5884.delete.1.tlog
c:\users\ruslan\source\repos\ose\bin-int\debug-x64\ose\ose.tlog\link.6356.delete.1.tlog
c:\users\ruslan\source\repos\ose\bin-int\debug-x64\ose\ose.tlog\link.7176.delete.1.tlog
c:\users\ruslan\source\repos\ose\bin-int\debug-x64\ose\ose.tlog\link.7196.delete.1.tlog
c:\users\ruslan\source\repos\ose\bin-int\debug-x64\ose\ose.tlog\link.8072.delete.1.tlog
c:\users\ruslan\source\repos\ose\bin-int\debug-x64\ose\ose.tlog\link.9096-cvtres.read.1.tlog
c:\users\ruslan\source\repos\ose\bin-int\debug-x64\ose\ose.tlog\link.9096-cvtres.write.1.tlog
c:\users\ruslan\source\repos\ose\bin-int\debug-x64\ose\ose.tlog\link.9096-rc.read.1.tlog
c:\users\ruslan\source\repos\ose\bin-int\debug-x64\ose\ose.tlog\link.9096-rc.write.1.tlog
c:\users\ruslan\source\repos\ose\bin-int\debug-x64\ose\ose.tlog\link.9096.delete.1.tlog
c:\users\ruslan\source\repos\ose\bin-int\debug-x64\ose\ose.tlog\link.9096.read.1.tlog
c:\users\ruslan\source\repos\ose\bin-int\debug-x64\ose\ose.tlog\link.9096.write.1.tlog
c:\users\ruslan\source\repos\ose\bin-int\debug-x64\ose\ose.tlog\link.command.1.tlog
c:\users\ruslan\source\repos\ose\bin-int\debug-x64\ose\ose.tlog\link.delete.1.tlog
c:\users\ruslan\source\repos\ose\bin-int\debug-x64\ose\ose.tlog\link.read.1.tlog
c:\users\ruslan\source\repos\ose\bin-int\debug-x64\ose\ose.tlog\link.write.1.tlog
c:\users\ruslan\source\repos\ose\bin-int\debug-x64\ose\ose.tlog\ose.write.1u.tlog
